/*C4*/SET SCHEMA PUBLIC
DISCONNECT
/*C5*/SET SCHEMA PUBLIC
DELETE FROM PRODUCT WHERE ID=20
INSERT INTO PRODUCT VALUES(20,'Java','ff8080818d93ca4d018d93ca88010000','96A5CD517F000001000000006F2C0E6F',12.00,'Java','ff8080818d96b85b018d96b8db720000')
COMMIT
INSERT INTO AUTHOR VALUES('ff8080818d96bc1a018d96bdedb30000','Surya')
DELETE FROM PRODUCT WHERE ID=20
INSERT INTO PRODUCT VALUES(20,'Java','ff8080818d93ca4d018d93ca88010000','96A5CD517F000001000000006F2C0E6F',12.00,'Java','ff8080818d96bc1a018d96bdedb30000')
COMMIT
DELETE FROM PRODUCT WHERE ID=21
INSERT INTO PRODUCT VALUES(21,'Python','ff8080818d93cdb4018d93cfefff0000','96A623E87F000001000000005F2BA642',2.00,'asdfsdf','ff8080818d96bc1a018d96bdedb30000')
COMMIT
DELETE FROM PRODUCT WHERE ID=20
INSERT INTO PRODUCT VALUES(20,'Java','ff8080818d93ca4d018d93ca88010000','96A5CD517F000001000000006F2C0E6F',12.00,'Java',NULL)
DELETE FROM PRODUCT WHERE ID=21
INSERT INTO PRODUCT VALUES(21,'Python','ff8080818d93cdb4018d93cfefff0000','96A623E87F000001000000005F2BA642',2.00,'asdfsdf',NULL)
COMMIT
DELETE FROM AUTHOR WHERE OID='ff8080818d96bc1a018d96bdedb30000'
COMMIT
DELETE FROM PRODUCT WHERE ID=21
INSERT INTO PRODUCT VALUES(21,'Python','ff8080818d93cdb4018d93cfefff0000','96A623E87F000001000000005F2BA642',2.00,'asdfsdf','ff8080818d96b85b018d96b8db720000')
COMMIT
DELETE FROM PRODUCT WHERE ID=22
INSERT INTO PRODUCT VALUES(22,'American Book','ff8080818d93cdb4018d93cfefff0000','96B8FE427F000001000000007437E45B',11.00,'asdf',NULL)
DELETE FROM PRODUCT WHERE ID=21
INSERT INTO PRODUCT VALUES(21,'Python','ff8080818d93cdb4018d93cfefff0000','96A623E87F000001000000005F2BA642',2.00,'asdfsdf',NULL)
COMMIT
DELETE FROM PRODUCT WHERE ID=22
INSERT INTO PRODUCT VALUES(22,'American Book','ff8080818d93cdb4018d93cfefff0000','96B8FE427F000001000000007437E45B',11.00,'asdf','ff8080818d96b85b018d96b8db720000')
COMMIT
